# JRE version: Java(TM) SE Runtime Environment (8.0_181-b13) (build 1.8.0_181-b13)
# Java VM: Java HotSpot(TM) 64-Bit Server VM (25.181-b13 mixed mode windows-amd64 compressed oops)
Heap:
 PSYoungGen      total 148992K, used 61269K [0x00000000df400000, 0x00000000ec080000, 0x0000000100000000)
  eden space 136704K, 35% used [0x00000000df400000,0x00000000e23db990,0x00000000e7980000)
  from space 12288K, 99% used [0x00000000e7980000,0x00000000e8579c80,0x00000000e8580000)
  to   space 15360K, 0% used [0x00000000eb180000,0x00000000eb180000,0x00000000ec080000)
 ParOldGen       total 71680K, used 20591K [0x000000009dc00000, 0x00000000a2200000, 0x00000000df400000)
  object space 71680K, 28% used [0x000000009dc00000,0x000000009f01bf60,0x00000000a2200000)
 Metaspace       used 54308K, capacity 56320K, committed 56536K, reserved 1097728K
  class space    used 7413K, capacity 7788K, committed 7896K, reserved 1048576K
GC Heap History (10 events):
Event: 6.883 GC heap before
{Heap before GC invocations=7 (full 1):
 PSYoungGen      total 55296K, used 51200K [0x00000000df400000, 0x00000000e6900000, 0x0000000100000000)
  eden space 51200K, 100% used [0x00000000df400000,0x00000000e2600000,0x00000000e2600000)
  from space 4096K, 0% used [0x00000000e2600000,0x00000000e2600000,0x00000000e2a00000)
  to   space 8704K, 0% used [0x00000000e6080000,0x00000000e6080000,0x00000000e6900000)
 ParOldGen       total 47104K, used 8234K [0x000000009dc00000, 0x00000000a0a00000, 0x00000000df400000)
  object space 47104K, 17% used [0x000000009dc00000,0x000000009e40a908,0x00000000a0a00000)
 Metaspace       used 23831K, capacity 24554K, committed 24832K, reserved 1071104K
  class space    used 3042K, capacity 3229K, committed 3328K, reserved 1048576K
Event: 6.895 GC heap after
Heap after GC invocations=7 (full 1):
 PSYoungGen      total 89088K, used 4355K [0x00000000df400000, 0x00000000e6500000, 0x0000000100000000)
  eden space 84480K, 0% used [0x00000000df400000,0x00000000df400000,0x00000000e4680000)
  from space 4608K, 94% used [0x00000000e6080000,0x00000000e64c0c28,0x00000000e6500000)
  to   space 8704K, 0% used [0x00000000e5400000,0x00000000e5400000,0x00000000e5c80000)
 ParOldGen       total 47104K, used 8242K [0x000000009dc00000, 0x00000000a0a00000, 0x00000000df400000)
  object space 47104K, 17% used [0x000000009dc00000,0x000000009e40c908,0x00000000a0a00000)
 Metaspace       used 23831K, capacity 24554K, committed 24832K, reserved 1071104K
  class space    used 3042K, capacity 3229K, committed 3328K, reserved 1048576K
}
Event: 10.778 GC heap before
{Heap before GC invocations=8 (full 1):
 PSYoungGen      total 89088K, used 88835K [0x00000000df400000, 0x00000000e6500000, 0x0000000100000000)
  eden space 84480K, 100% used [0x00000000df400000,0x00000000e4680000,0x00000000e4680000)
  from space 4608K, 94% used [0x00000000e6080000,0x00000000e64c0c28,0x00000000e6500000)
  to   space 8704K, 0% used [0x00000000e5400000,0x00000000e5400000,0x00000000e5c80000)
 ParOldGen       total 47104K, used 8242K [0x000000009dc00000, 0x00000000a0a00000, 0x00000000df400000)
  object space 47104K, 17% used [0x000000009dc00000,0x000000009e40c908,0x00000000a0a00000)
 Metaspace       used 28255K, capacity 29330K, committed 29568K, reserved 1075200K
  class space    used 3661K, capacity 3903K, committed 3968K, reserved 1048576K
Event: 10.829 GC heap after
Heap after GC invocations=8 (full 1):
 PSYoungGen      total 107008K, used 8700K [0x00000000df400000, 0x00000000e8f80000, 0x0000000100000000)
  eden space 98304K, 0% used [0x00000000df400000,0x00000000df400000,0x00000000e5400000)
  from space 8704K, 99% used [0x00000000e5400000,0x00000000e5c7f2a8,0x00000000e5c80000)
  to   space 10240K, 0% used [0x00000000e8580000,0x00000000e8580000,0x00000000e8f80000)
 ParOldGen       total 47104K, used 8560K [0x000000009dc00000, 0x00000000a0a00000, 0x00000000df400000)
  object space 47104K, 18% used [0x000000009dc00000,0x000000009e45c3f8,0x00000000a0a00000)
 Metaspace       used 28255K, capacity 29330K, committed 29568K, reserved 1075200K
  class space    used 3661K, capacity 3903K, committed 3968K, reserved 1048576K
}
Event: 15.586 GC heap before
{Heap before GC invocations=9 (full 1):
 PSYoungGen      total 107008K, used 70213K [0x00000000df400000, 0x00000000e8f80000, 0x0000000100000000)
  eden space 98304K, 62% used [0x00000000df400000,0x00000000e3012288,0x00000000e5400000)
  from space 8704K, 99% used [0x00000000e5400000,0x00000000e5c7f2a8,0x00000000e5c80000)
  to   space 10240K, 0% used [0x00000000e8580000,0x00000000e8580000,0x00000000e8f80000)
 ParOldGen       total 47104K, used 8560K [0x000000009dc00000, 0x00000000a0a00000, 0x00000000df400000)
  object space 47104K, 18% used [0x000000009dc00000,0x000000009e45c3f8,0x00000000a0a00000)
 Metaspace       used 34034K, capacity 35368K, committed 35416K, reserved 1079296K
  class space    used 4389K, capacity 4670K, committed 4696K, reserved 1048576K
Event: 15.614 GC heap after
Heap after GC invocations=9 (full 1):
 PSYoungGen      total 146944K, used 10236K [0x00000000df400000, 0x00000000ea600000, 0x0000000100000000)
  eden space 136704K, 0% used [0x00000000df400000,0x00000000df400000,0x00000000e7980000)
  from space 10240K, 99% used [0x00000000e8580000,0x00000000e8f7f3c8,0x00000000e8f80000)
  to   space 12288K, 0% used [0x00000000e7980000,0x00000000e7980000,0x00000000e8580000)
 ParOldGen       total 47104K, used 10673K [0x000000009dc00000, 0x00000000a0a00000, 0x00000000df400000)
  object space 47104K, 22% used [0x000000009dc00000,0x000000009e66c588,0x00000000a0a00000)
 Metaspace       used 34034K, capacity 35368K, committed 35416K, reserved 1079296K
  class space    used 4389K, capacity 4670K, committed 4696K, reserved 1048576K
}
Event: 15.614 GC heap before
{Heap before GC invocations=10 (full 2):
 PSYoungGen      total 146944K, used 10236K [0x00000000df400000, 0x00000000ea600000, 0x0000000100000000)
  eden space 136704K, 0% used [0x00000000df400000,0x00000000df400000,0x00000000e7980000)
  from space 10240K, 99% used [0x00000000e8580000,0x00000000e8f7f3c8,0x00000000e8f80000)
  to   space 12288K, 0% used [0x00000000e7980000,0x00000000e7980000,0x00000000e8580000)
 ParOldGen       total 47104K, used 10673K [0x000000009dc00000, 0x00000000a0a00000, 0x00000000df400000)
  object space 47104K, 22% used [0x000000009dc00000,0x000000009e66c588,0x00000000a0a00000)
 Metaspace       used 34034K, capacity 35368K, committed 35416K, reserved 1079296K
  class space    used 4389K, capacity 4670K, committed 4696K, reserved 1048576K
Event: 15.740 GC heap after
Heap after GC invocations=10 (full 2):
 PSYoungGen      total 146944K, used 0K [0x00000000df400000, 0x00000000ea600000, 0x0000000100000000)
  eden space 136704K, 0% used [0x00000000df400000,0x00000000df400000,0x00000000e7980000)
  from space 10240K, 0% used [0x00000000e8580000,0x00000000e8580000,0x00000000e8f80000)
  to   space 12288K, 0% used [0x00000000e7980000,0x00000000e7980000,0x00000000e8580000)
 ParOldGen       total 71680K, used 16829K [0x000000009dc00000, 0x00000000a2200000, 0x00000000df400000)
  object space 71680K, 23% used [0x000000009dc00000,0x000000009ec6f570,0x00000000a2200000)
 Metaspace       used 34034K, capacity 35368K, committed 35416K, reserved 1079296K
  class space    used 4389K, capacity 4670K, committed 4696K, reserved 1048576K
}
Event: 21.797 GC heap before
{Heap before GC invocations=11 (full 2):
 PSYoungGen      total 146944K, used 136704K [0x00000000df400000, 0x00000000ea600000, 0x0000000100000000)
  eden space 136704K, 100% used [0x00000000df400000,0x00000000e7980000,0x00000000e7980000)
  from space 10240K, 0% used [0x00000000e8580000,0x00000000e8580000,0x00000000e8f80000)
  to   space 12288K, 0% used [0x00000000e7980000,0x00000000e7980000,0x00000000e8580000)
 ParOldGen       total 71680K, used 16829K [0x000000009dc00000, 0x00000000a2200000, 0x00000000df400000)
  object space 71680K, 23% used [0x000000009dc00000,0x000000009ec6f570,0x00000000a2200000)
 Metaspace       used 48675K, capacity 50228K, committed 50520K, reserved 1093632K
  class space    used 6648K, capacity 6982K, committed 7000K, reserved 1048576K
Event: 21.833 GC heap after
Heap after GC invocations=11 (full 2):
 PSYoungGen      total 148992K, used 12263K [0x00000000df400000, 0x00000000ec080000, 0x0000000100000000)
  eden space 136704K, 0% used [0x00000000df400000,0x00000000df400000,0x00000000e7980000)
  from space 12288K, 99% used [0x00000000e7980000,0x00000000e8579c80,0x00000000e8580000)
  to   space 15360K, 0% used [0x00000000eb180000,0x00000000eb180000,0x00000000ec080000)
 ParOldGen       total 71680K, used 20591K [0x000000009dc00000, 0x00000000a2200000, 0x00000000df400000)
  object space 71680K, 28% used [0x000000009dc00000,0x000000009f01bf60,0x00000000a2200000)
 Metaspace       used 48675K, capacity 50228K, committed 50520K, reserved 1093632K
  class space    used 6648K, capacity 6982K, committed 7000K, reserved 1048576K
}

