# JRE version: Java(TM) SE Runtime Environment (8.0_181-b13) (build 1.8.0_181-b13)
# Java VM: Java HotSpot(TM) 64-Bit Server VM (25.181-b13 mixed mode windows-amd64 compressed oops)
Heap:
 PSYoungGen      total 151040K, used 8858K [0x00000000df400000, 0x00000000e9700000, 0x0000000100000000)
  eden space 136192K, 0% used [0x00000000df400000,0x00000000df400000,0x00000000e7900000)
  from space 14848K, 59% used [0x00000000e7a00000,0x00000000e82a6ac0,0x00000000e8880000)
  to   space 10752K, 0% used [0x00000000e8c80000,0x00000000e8c80000,0x00000000e9700000)
 ParOldGen       total 66560K, used 17787K [0x000000009dc00000, 0x00000000a1d00000, 0x00000000df400000)
  object space 66560K, 26% used [0x000000009dc00000,0x000000009ed5ec90,0x00000000a1d00000)
 Metaspace       used 45463K, capacity 47458K, committed 47528K, reserved 1095680K
  class space    used 5628K, capacity 6001K, committed 6056K, reserved 1048576K
GC Heap History (10 events):
Event: 9.488 GC heap before
{Heap before GC invocations=6 (full 1):
 PSYoungGen      total 55296K, used 51200K [0x00000000df400000, 0x00000000e2e00000, 0x0000000100000000)
  eden space 51200K, 100% used [0x00000000df400000,0x00000000e2600000,0x00000000e2600000)
  from space 4096K, 0% used [0x00000000e2a00000,0x00000000e2a00000,0x00000000e2e00000)
  to   space 4096K, 0% used [0x00000000e2600000,0x00000000e2600000,0x00000000e2a00000)
 ParOldGen       total 43520K, used 7206K [0x000000009dc00000, 0x00000000a0680000, 0x00000000df400000)
  object space 43520K, 16% used [0x000000009dc00000,0x000000009e309a78,0x00000000a0680000)
 Metaspace       used 25397K, capacity 26262K, committed 26544K, reserved 1073152K
  class space    used 3263K, capacity 3463K, committed 3504K, reserved 1048576K
Event: 9.526 GC heap after
Heap after GC invocations=6 (full 1):
 PSYoungGen      total 55296K, used 4067K [0x00000000df400000, 0x00000000e5c80000, 0x0000000100000000)
  eden space 51200K, 0% used [0x00000000df400000,0x00000000df400000,0x00000000e2600000)
  from space 4096K, 99% used [0x00000000e2600000,0x00000000e29f8f00,0x00000000e2a00000)
  to   space 9216K, 0% used [0x00000000e5380000,0x00000000e5380000,0x00000000e5c80000)
 ParOldGen       total 43520K, used 10369K [0x000000009dc00000, 0x00000000a0680000, 0x00000000df400000)
  object space 43520K, 23% used [0x000000009dc00000,0x000000009e620428,0x00000000a0680000)
 Metaspace       used 25397K, capacity 26262K, committed 26544K, reserved 1073152K
  class space    used 3263K, capacity 3463K, committed 3504K, reserved 1048576K
}
Event: 13.678 GC heap before
{Heap before GC invocations=7 (full 1):
 PSYoungGen      total 55296K, used 55267K [0x00000000df400000, 0x00000000e5c80000, 0x0000000100000000)
  eden space 51200K, 100% used [0x00000000df400000,0x00000000e2600000,0x00000000e2600000)
  from space 4096K, 99% used [0x00000000e2600000,0x00000000e29f8f00,0x00000000e2a00000)
  to   space 9216K, 0% used [0x00000000e5380000,0x00000000e5380000,0x00000000e5c80000)
 ParOldGen       total 43520K, used 10369K [0x000000009dc00000, 0x00000000a0680000, 0x00000000df400000)
  object space 43520K, 23% used [0x000000009dc00000,0x000000009e620428,0x00000000a0680000)
 Metaspace       used 31061K, capacity 32442K, committed 32816K, reserved 1077248K
  class space    used 4019K, capacity 4279K, committed 4400K, reserved 1048576K
Event: 13.710 GC heap after
Heap after GC invocations=7 (full 1):
 PSYoungGen      total 94720K, used 9199K [0x00000000df400000, 0x00000000e6000000, 0x0000000100000000)
  eden space 85504K, 0% used [0x00000000df400000,0x00000000df400000,0x00000000e4780000)
  from space 9216K, 99% used [0x00000000e5380000,0x00000000e5c7bdd0,0x00000000e5c80000)
  to   space 12288K, 0% used [0x00000000e4780000,0x00000000e4780000,0x00000000e5380000)
 ParOldGen       total 43520K, used 13670K [0x000000009dc00000, 0x00000000a0680000, 0x00000000df400000)
  object space 43520K, 31% used [0x000000009dc00000,0x000000009e959a48,0x00000000a0680000)
 Metaspace       used 31061K, capacity 32442K, committed 32816K, reserved 1077248K
  class space    used 4019K, capacity 4279K, committed 4400K, reserved 1048576K
}
Event: 17.859 GC heap before
{Heap before GC invocations=8 (full 1):
 PSYoungGen      total 94720K, used 39493K [0x00000000df400000, 0x00000000e6000000, 0x0000000100000000)
  eden space 85504K, 35% used [0x00000000df400000,0x00000000e11959d0,0x00000000e4780000)
  from space 9216K, 99% used [0x00000000e5380000,0x00000000e5c7bdd0,0x00000000e5c80000)
  to   space 12288K, 0% used [0x00000000e4780000,0x00000000e4780000,0x00000000e5380000)
 ParOldGen       total 43520K, used 13670K [0x000000009dc00000, 0x00000000a0680000, 0x00000000df400000)
  object space 43520K, 31% used [0x000000009dc00000,0x000000009e959a48,0x00000000a0680000)
 Metaspace       used 33961K, capacity 35384K, committed 35496K, reserved 1079296K
  class space    used 4396K, capacity 4678K, committed 4776K, reserved 1048576K
Event: 17.917 GC heap after
Heap after GC invocations=8 (full 1):
 PSYoungGen      total 97792K, used 12263K [0x00000000df400000, 0x00000000e9a80000, 0x0000000100000000)
  eden space 85504K, 0% used [0x00000000df400000,0x00000000df400000,0x00000000e4780000)
  from space 12288K, 99% used [0x00000000e4780000,0x00000000e5379ee0,0x00000000e5380000)
  to   space 14336K, 0% used [0x00000000e8c80000,0x00000000e8c80000,0x00000000e9a80000)
 ParOldGen       total 43520K, used 14448K [0x000000009dc00000, 0x00000000a0680000, 0x00000000df400000)
  object space 43520K, 33% used [0x000000009dc00000,0x000000009ea1c240,0x00000000a0680000)
 Metaspace       used 33961K, capacity 35384K, committed 35496K, reserved 1079296K
  class space    used 4396K, capacity 4678K, committed 4776K, reserved 1048576K
}
Event: 17.917 GC heap before
{Heap before GC invocations=9 (full 2):
 PSYoungGen      total 97792K, used 12263K [0x00000000df400000, 0x00000000e9a80000, 0x0000000100000000)
  eden space 85504K, 0% used [0x00000000df400000,0x00000000df400000,0x00000000e4780000)
  from space 12288K, 99% used [0x00000000e4780000,0x00000000e5379ee0,0x00000000e5380000)
  to   space 14336K, 0% used [0x00000000e8c80000,0x00000000e8c80000,0x00000000e9a80000)
 ParOldGen       total 43520K, used 14448K [0x000000009dc00000, 0x00000000a0680000, 0x00000000df400000)
  object space 43520K, 33% used [0x000000009dc00000,0x000000009ea1c240,0x00000000a0680000)
 Metaspace       used 33961K, capacity 35384K, committed 35496K, reserved 1079296K
  class space    used 4396K, capacity 4678K, committed 4776K, reserved 1048576K
Event: 18.088 GC heap after
Heap after GC invocations=9 (full 2):
 PSYoungGen      total 97792K, used 0K [0x00000000df400000, 0x00000000e9a80000, 0x0000000100000000)
  eden space 85504K, 0% used [0x00000000df400000,0x00000000df400000,0x00000000e4780000)
  from space 12288K, 0% used [0x00000000e4780000,0x00000000e4780000,0x00000000e5380000)
  to   space 14336K, 0% used [0x00000000e8c80000,0x00000000e8c80000,0x00000000e9a80000)
 ParOldGen       total 66560K, used 17763K [0x000000009dc00000, 0x00000000a1d00000, 0x00000000df400000)
  object space 66560K, 26% used [0x000000009dc00000,0x000000009ed58c90,0x00000000a1d00000)
 Metaspace       used 33961K, capacity 35384K, committed 35496K, reserved 1079296K
  class space    used 4396K, capacity 4678K, committed 4776K, reserved 1048576K
}
Event: 25.784 GC heap before
{Heap before GC invocations=10 (full 2):
 PSYoungGen      total 97792K, used 85504K [0x00000000df400000, 0x00000000e9a80000, 0x0000000100000000)
  eden space 85504K, 100% used [0x00000000df400000,0x00000000e4780000,0x00000000e4780000)
  from space 12288K, 0% used [0x00000000e4780000,0x00000000e4780000,0x00000000e5380000)
  to   space 14336K, 0% used [0x00000000e8c80000,0x00000000e8c80000,0x00000000e9a80000)
 ParOldGen       total 66560K, used 17763K [0x000000009dc00000, 0x00000000a1d00000, 0x00000000df400000)
  object space 66560K, 26% used [0x000000009dc00000,0x000000009ed58c90,0x00000000a1d00000)
 Metaspace       used 41991K, capacity 43896K, committed 44200K, reserved 1087488K
  class space    used 5372K, capacity 5716K, committed 5800K, reserved 1048576K
Event: 25.816 GC heap after
Heap after GC invocations=10 (full 2):
 PSYoungGen      total 146944K, used 10671K [0x00000000df400000, 0x00000000e9700000, 0x0000000100000000)
  eden space 136192K, 0% used [0x00000000df400000,0x00000000df400000,0x00000000e7900000)
  from space 10752K, 99% used [0x00000000e8c80000,0x00000000e96ebc08,0x00000000e9700000)
  to   space 14848K, 0% used [0x00000000e7a00000,0x00000000e7a00000,0x00000000e8880000)
 ParOldGen       total 66560K, used 17771K [0x000000009dc00000, 0x00000000a1d00000, 0x00000000df400000)
  object space 66560K, 26% used [0x000000009dc00000,0x000000009ed5ac90,0x00000000a1d00000)
 Metaspace       used 41991K, capacity 43896K, committed 44200K, reserved 1087488K
  class space    used 5372K, capacity 5716K, committed 5800K, reserved 1048576K
}

