# JRE version: Java(TM) SE Runtime Environment (8.0_181-b13) (build 1.8.0_181-b13)
# Java VM: Java HotSpot(TM) 64-Bit Server VM (25.181-b13 mixed mode windows-amd64 compressed oops)
Heap:
 garbage-first heap   total 495616K, used 348160K [0x00000000c0000000, 0x00000000c0100f20, 0x0000000100000000)
  region size 1024K, 185 young (189440K), 19 survivors (19456K)
 Metaspace       used 80081K, capacity 84604K, committed 84732K, reserved 1124352K
  class space    used 7600K, capacity 8844K, committed 8956K, reserved 1048576K
GC Heap History (10 events):
Event: 20716.518 GC heap before
{Heap before GC invocations=333 (full 0):
 garbage-first heap   total 495616K, used 431622K [0x00000000c0000000, 0x00000000c0100f20, 0x0000000100000000)
  region size 1024K, 265 young (271360K), 7 survivors (7168K)
 Metaspace       used 77354K, capacity 81636K, committed 82044K, reserved 1122304K
  class space    used 7245K, capacity 8476K, committed 8572K, reserved 1048576K
Event: 20716.556 GC heap after
Heap after GC invocations=334 (full 0):
 garbage-first heap   total 495616K, used 176134K [0x00000000c0000000, 0x00000000c0100f20, 0x0000000100000000)
  region size 1024K, 15 young (15360K), 15 survivors (15360K)
 Metaspace       used 77354K, capacity 81636K, committed 82044K, reserved 1122304K
  class space    used 7245K, capacity 8476K, committed 8572K, reserved 1048576K
}
Event: 20806.736 GC heap before
{Heap before GC invocations=334 (full 0):
 garbage-first heap   total 495616K, used 430718K [0x00000000c0000000, 0x00000000c0100f20, 0x0000000100000000)
  region size 1024K, 262 young (268288K), 15 survivors (15360K)
 Metaspace       used 78561K, capacity 82986K, committed 83324K, reserved 1124352K
  class space    used 7438K, capacity 8741K, committed 8828K, reserved 1048576K
Event: 20806.765 GC heap after
Heap after GC invocations=335 (full 0):
 garbage-first heap   total 495616K, used 175622K [0x00000000c0000000, 0x00000000c0100f20, 0x0000000100000000)
  region size 1024K, 15 young (15360K), 15 survivors (15360K)
 Metaspace       used 78561K, capacity 82986K, committed 83324K, reserved 1124352K
  class space    used 7438K, capacity 8741K, committed 8828K, reserved 1048576K
}
Event: 20849.847 GC heap before
{Heap before GC invocations=335 (full 0):
 garbage-first heap   total 495616K, used 428550K [0x00000000c0000000, 0x00000000c0100f20, 0x0000000100000000)
  region size 1024K, 262 young (268288K), 15 survivors (15360K)
 Metaspace       used 79669K, capacity 84078K, committed 84220K, reserved 1124352K
  class space    used 7571K, capacity 8833K, committed 8956K, reserved 1048576K
Event: 20849.888 GC heap after
Heap after GC invocations=336 (full 0):
 garbage-first heap   total 495616K, used 178694K [0x00000000c0000000, 0x00000000c0100f20, 0x0000000100000000)
  region size 1024K, 18 young (18432K), 18 survivors (18432K)
 Metaspace       used 79669K, capacity 84078K, committed 84220K, reserved 1124352K
  class space    used 7571K, capacity 8833K, committed 8956K, reserved 1048576K
}
Event: 20905.804 GC heap before
{Heap before GC invocations=336 (full 0):
 garbage-first heap   total 495616K, used 427134K [0x00000000c0000000, 0x00000000c0100f20, 0x0000000100000000)
  region size 1024K, 259 young (265216K), 18 survivors (18432K)
 Metaspace       used 79883K, capacity 84318K, committed 84476K, reserved 1124352K
  class space    used 7589K, capacity 8843K, committed 8956K, reserved 1048576K
Event: 20905.848 GC heap after
Heap after GC invocations=337 (full 0):
 garbage-first heap   total 495616K, used 177158K [0x00000000c0000000, 0x00000000c0100f20, 0x0000000100000000)
  region size 1024K, 16 young (16384K), 16 survivors (16384K)
 Metaspace       used 79883K, capacity 84318K, committed 84476K, reserved 1124352K
  class space    used 7589K, capacity 8843K, committed 8956K, reserved 1048576K
}
Event: 20939.689 GC heap before
{Heap before GC invocations=337 (full 0):
 garbage-first heap   total 495616K, used 428038K [0x00000000c0000000, 0x00000000c0100f20, 0x0000000100000000)
  region size 1024K, 261 young (267264K), 16 survivors (16384K)
 Metaspace       used 79985K, capacity 84540K, committed 84732K, reserved 1124352K
  class space    used 7593K, capacity 8844K, committed 8956K, reserved 1048576K
Event: 20939.723 GC heap after
Heap after GC invocations=338 (full 0):
 garbage-first heap   total 495616K, used 179200K [0x00000000c0000000, 0x00000000c0100f20, 0x0000000100000000)
  region size 1024K, 19 young (19456K), 19 survivors (19456K)
 Metaspace       used 79985K, capacity 84540K, committed 84732K, reserved 1124352K
  class space    used 7593K, capacity 8844K, committed 8956K, reserved 1048576K
}

